GCASM List File (GCBASIC 1.01.00 2023-11-23 (Windows 64 bit) : Build 1308)

Symbols:
A 	EQU 	0
ACCESS 	EQU 	0
ACKDT 	EQU 	5
ACKEN 	EQU 	4
ACKSTAT 	EQU 	6
ADCON0 	EQU 	31
ADCON0_GO_DONE 	EQU 	2
ADCON1 	EQU 	159
ADCS0 	EQU 	6
ADCS1 	EQU 	7
ADCS2 	EQU 	6
ADDEN 	EQU 	3
ADFM 	EQU 	7
ADIE 	EQU 	6
ADIF 	EQU 	6
ADON 	EQU 	0
ADRESH 	EQU 	30
ADRESL 	EQU 	158
B 	EQU 	1
BANKED 	EQU 	1
BASPROGRAMEND 	EQU 	59
BASPROGRAMSTART 	EQU 	5
BCLIE 	EQU 	3
BCLIF 	EQU 	3
BF 	EQU 	0
BRGH 	EQU 	2
C 	EQU 	0
C1INV 	EQU 	4
C1OUT 	EQU 	6
C2INV 	EQU 	5
C2OUT 	EQU 	7
CCP1CON 	EQU 	23
CCP1IE 	EQU 	2
CCP1IF 	EQU 	2
CCP1M0 	EQU 	0
CCP1M1 	EQU 	1
CCP1M2 	EQU 	2
CCP1M3 	EQU 	3
CCP1X 	EQU 	5
CCP1Y 	EQU 	4
CCP2CON 	EQU 	29
CCP2IE 	EQU 	0
CCP2IF 	EQU 	0
CCP2M0 	EQU 	0
CCP2M1 	EQU 	1
CCP2M2 	EQU 	2
CCP2M3 	EQU 	3
CCP2X 	EQU 	5
CCP2Y 	EQU 	4
CCPR1 	EQU 	21
CCPR1H 	EQU 	22
CCPR1L 	EQU 	21
CCPR2 	EQU 	27
CCPR2H 	EQU 	28
CCPR2L 	EQU 	27
CHS0 	EQU 	3
CHS1 	EQU 	4
CHS2 	EQU 	5
CIS 	EQU 	3
CKE 	EQU 	6
CKP 	EQU 	4
CM0 	EQU 	0
CM1 	EQU 	1
CM2 	EQU 	2
CMCON 	EQU 	156
CMIE 	EQU 	6
CMIF 	EQU 	6
COMPORT 	EQU 	32
CREN 	EQU 	4
CSRC 	EQU 	7
CVR0 	EQU 	0
CVR1 	EQU 	1
CVR2 	EQU 	2
CVR3 	EQU 	3
CVRCON 	EQU 	157
CVREN 	EQU 	7
CVROE 	EQU 	6
CVRR 	EQU 	5
D 	EQU 	5
DATA_ADDRESS 	EQU 	5
DC 	EQU 	1
D_A 	EQU 	5
D_NOT_A 	EQU 	5
EEADR 	EQU 	269
EEADRH 	EQU 	271
EECON1 	EQU 	396
EECON2 	EQU 	397
EEDATA 	EQU 	268
EEDATH 	EQU 	270
EEIE 	EQU 	4
EEIF 	EQU 	4
EEPGD 	EQU 	7
ELSE3_1 	EQU 	70
ENDIF1 	EQU 	58
ENDIF3 	EQU 	71
ENDIF4 	EQU 	111
ENDIF5 	EQU 	143
ENDIF6 	EQU 	173
ENDIF7 	EQU 	202
ENDIF8 	EQU 	628
ENDIF9 	EQU 	651
F 	EQU 	1
FERR 	EQU 	2
FLASH_SPI_WRITETOFLASH 	EQU 	61
FSR 	EQU 	4
GCEN 	EQU 	7
GIE 	EQU 	7
GO 	EQU 	2
GO_DONE 	EQU 	2
GO_NOT_DONE 	EQU 	2
HSERPRINT314 	EQU 	78
HSERPRINTWORD10 	EQU 	184
HSERPRINTWORD100 	EQU 	154
HSERPRINTWORD1000 	EQU 	123
HSERSEND301 	EQU 	208
HSERSENDUSART1HANDLER 	EQU 	208
I2C_DATA 	EQU 	5
I2C_READ 	EQU 	2
I2C_START 	EQU 	3
I2C_STOP 	EQU 	4
IBF 	EQU 	7
IBOV 	EQU 	5
INDF 	EQU 	0
INITLENGTH 	EQU 	33
INITLENGTH_H 	EQU 	34
INITSYS 	EQU 	219
INITTFT 	EQU 	241
INITTFT_H 	EQU 	547
INITUSART 	EQU 	568
INTCON 	EQU 	11
INTE 	EQU 	4
INTEDG 	EQU 	6
INTF 	EQU 	1
IRP 	EQU 	7
NOT_A 	EQU 	5
NOT_ADDRESS 	EQU 	5
NOT_BO 	EQU 	0
NOT_BOR 	EQU 	0
NOT_DONE 	EQU 	2
NOT_PD 	EQU 	3
NOT_POR 	EQU 	1
NOT_RBPU 	EQU 	7
NOT_RC8 	EQU 	6
NOT_T1SYNC 	EQU 	2
NOT_TO 	EQU 	4
NOT_TX8 	EQU 	6
NOT_W 	EQU 	2
NOT_WRITE 	EQU 	2
OBF 	EQU 	6
OERR 	EQU 	1
OPTION_REG 	EQU 	129
OUTVALUETEMP 	EQU 	35
P 	EQU 	4
PCFG0 	EQU 	0
PCFG1 	EQU 	1
PCFG2 	EQU 	2
PCFG3 	EQU 	3
PCL 	EQU 	2
PCLATH 	EQU 	10
PCON 	EQU 	142
PEIE 	EQU 	6
PEN 	EQU 	2
PIE1 	EQU 	140
PIE2 	EQU 	141
PIR1 	EQU 	12
PIR2 	EQU 	13
POINTER 	EQU 	36
POINTER_H 	EQU 	37
PORTA 	EQU 	5
PORTB 	EQU 	6
PORTC 	EQU 	7
PORTD 	EQU 	8
PORTE 	EQU 	9
PR2 	EQU 	146
PS0 	EQU 	0
PS1 	EQU 	1
PS2 	EQU 	2
PSA 	EQU 	3
PSPIE 	EQU 	7
PSPIF 	EQU 	7
PSPMODE 	EQU 	4
R 	EQU 	2
RA0 	EQU 	0
RA1 	EQU 	1
RA2 	EQU 	2
RA3 	EQU 	3
RA4 	EQU 	4
RA5 	EQU 	5
RB0 	EQU 	0
RB1 	EQU 	1
RB2 	EQU 	2
RB3 	EQU 	3
RB4 	EQU 	4
RB5 	EQU 	5
RB6 	EQU 	6
RB7 	EQU 	7
RBIE 	EQU 	3
RBIF 	EQU 	0
RC0 	EQU 	0
RC1 	EQU 	1
RC2 	EQU 	2
RC3 	EQU 	3
RC4 	EQU 	4
RC5 	EQU 	5
RC6 	EQU 	6
RC7 	EQU 	7
RC8_9 	EQU 	6
RC9 	EQU 	6
RCD8 	EQU 	0
RCEN 	EQU 	3
RCIE 	EQU 	5
RCIF 	EQU 	5
RCREG 	EQU 	26
RCSTA 	EQU 	24
RD 	EQU 	0
RD0 	EQU 	0
RD1 	EQU 	1
RD2 	EQU 	2
RD3 	EQU 	3
RD4 	EQU 	4
RD5 	EQU 	5
RD6 	EQU 	6
RD7 	EQU 	7
RE0 	EQU 	0
RE1 	EQU 	1
RE2 	EQU 	2
READ_WRITE 	EQU 	2
RP0 	EQU 	5
RP1 	EQU 	6
RSEN 	EQU 	1
RX9 	EQU 	6
RX9D 	EQU 	0
R_NOT_W 	EQU 	2
R_W 	EQU 	2
S 	EQU 	3
SCLT16TRUE 	EQU 	604
SEN 	EQU 	0
SERDATA 	EQU 	38
SERPRINTVAL 	EQU 	39
SERPRINTVAL_H 	EQU 	40
SMP 	EQU 	7
SPBRG 	EQU 	153
SPEN 	EQU 	7
SREN 	EQU 	5
SSPADD 	EQU 	147
SSPBUF 	EQU 	19
SSPCON 	EQU 	20
SSPCON2 	EQU 	145
SSPEN 	EQU 	5
SSPIE 	EQU 	3
SSPIF 	EQU 	3
SSPM0 	EQU 	0
SSPM1 	EQU 	1
SSPM2 	EQU 	2
SSPM3 	EQU 	3
SSPOV 	EQU 	6
SSPSTAT 	EQU 	148
STATUS 	EQU 	3
SYNC 	EQU 	4
SYSBYTETEMPX 	EQU 	112
SYSCALCTEMPX 	EQU 	112
SYSCALCTEMPX_H 	EQU 	113
SYSCOMPEQUAL16 	EQU 	580
SYSCOMPLESSTHAN16 	EQU 	591
SYSDIV16START 	EQU 	630
SYSDIVLOOP 	EQU 	116
SYSDIVMULTA 	EQU 	119
SYSDIVMULTA_H 	EQU 	120
SYSDIVMULTB 	EQU 	123
SYSDIVMULTB_H 	EQU 	124
SYSDIVMULTX 	EQU 	114
SYSDIVMULTX_H 	EQU 	115
SYSDIVSUB16 	EQU 	606
SYSFORLOOP1 	EQU 	28
SYSFORLOOPEND1 	EQU 	58
SYSREPEATLOOP1 	EQU 	66
SYSREPEATLOOPEND1 	EQU 	76
SYSREPEATTEMP1 	EQU 	41
SYSSTRINGA 	EQU 	119
SYSSTRINGA_H 	EQU 	120
SYSTEMP1 	EQU 	42
SYSTEMP1_H 	EQU 	43
SYSTEMP2 	EQU 	44
SYSWAITLOOP1 	EQU 	208
SYSWAITLOOP2 	EQU 	210
SYSWORDTEMPA 	EQU 	117
SYSWORDTEMPA_H 	EQU 	118
SYSWORDTEMPB 	EQU 	121
SYSWORDTEMPB_H 	EQU 	122
SYSWORDTEMPX 	EQU 	112
SYSWORDTEMPX_H 	EQU 	113
T0CS 	EQU 	5
T0IE 	EQU 	5
T0IF 	EQU 	2
T0SE 	EQU 	4
T1CKPS0 	EQU 	4
T1CKPS1 	EQU 	5
T1CON 	EQU 	16
T1INSYNC 	EQU 	2
T1OSCEN 	EQU 	3
T1SYNC 	EQU 	2
T2CKPS0 	EQU 	0
T2CKPS1 	EQU 	1
T2CON 	EQU 	18
TABLEINITTFT 	EQU 	262
TABLEINITTFT_H 	EQU 	567
TMR0 	EQU 	1
TMR0IE 	EQU 	5
TMR0IF 	EQU 	2
TMR1 	EQU 	14
TMR1CS 	EQU 	1
TMR1H 	EQU 	15
TMR1IE 	EQU 	0
TMR1IF 	EQU 	0
TMR1L 	EQU 	14
TMR1ON 	EQU 	0
TMR2 	EQU 	17
TMR2IE 	EQU 	1
TMR2IF 	EQU 	1
TMR2ON 	EQU 	2
TOUTPS0 	EQU 	3
TOUTPS1 	EQU 	4
TOUTPS2 	EQU 	5
TOUTPS3 	EQU 	6
TRISA 	EQU 	133
TRISA0 	EQU 	0
TRISA1 	EQU 	1
TRISA2 	EQU 	2
TRISA3 	EQU 	3
TRISA4 	EQU 	4
TRISA5 	EQU 	5
TRISB 	EQU 	134
TRISB0 	EQU 	0
TRISB1 	EQU 	1
TRISB2 	EQU 	2
TRISB3 	EQU 	3
TRISB4 	EQU 	4
TRISB5 	EQU 	5
TRISB6 	EQU 	6
TRISB7 	EQU 	7
TRISC 	EQU 	135
TRISC0 	EQU 	0
TRISC1 	EQU 	1
TRISC2 	EQU 	2
TRISC3 	EQU 	3
TRISC4 	EQU 	4
TRISC5 	EQU 	5
TRISC6 	EQU 	6
TRISC7 	EQU 	7
TRISD 	EQU 	136
TRISD0 	EQU 	0
TRISD1 	EQU 	1
TRISD2 	EQU 	2
TRISD3 	EQU 	3
TRISD4 	EQU 	4
TRISD5 	EQU 	5
TRISD6 	EQU 	6
TRISD7 	EQU 	7
TRISE 	EQU 	137
TRISE0 	EQU 	0
TRISE1 	EQU 	1
TRISE2 	EQU 	2
TRMT 	EQU 	1
TX8_9 	EQU 	6
TX9 	EQU 	6
TX9D 	EQU 	0
TXD8 	EQU 	0
TXEN 	EQU 	5
TXIE 	EQU 	4
TXIF 	EQU 	4
TXREG 	EQU 	25
TXSTA 	EQU 	152
UA 	EQU 	1
W 	EQU 	0
WCOL 	EQU 	7
WR 	EQU 	1
WREN 	EQU 	2
WRERR 	EQU 	3
Z 	EQU 	2
__FLASHBYTE 	EQU 	45
__FLASH_OUTBUFFER 	EQU 	46

Code:
Loc	Obj Code	Original Assembly


































000000	118A	PAGESEL BASPROGRAMSTART
000000	118A 120A	PAGESEL BASPROGRAMSTART
000002	2805	GOTO BASPROGRAMSTART

000004	0009	RETFIE



		BASPROGRAMSTART
000005	20DB	CALL INITSYS
000006	2238	CALL INITUSART
000000	1683	BANKSEL TRISC
000000	1683 1303	BANKSEL TRISC
000009	1287	BCF TRISC,5
00000A	1187	BCF TRISC,3
00000B	1105	BCF TRISA,2

00000C	301D	MOVLW 29
000000	1283	BANKSEL INITLENGTH
000000	1283 1303	BANKSEL INITLENGTH
00000F	00A1	MOVWF INITLENGTH
000010	3001	MOVLW 1
000011	00A2	MOVWF INITLENGTH_H
000012	0821	MOVF INITLENGTH,W
000013	00A7	MOVWF SERPRINTVAL
000014	0822	MOVF INITLENGTH_H,W
000015	00A8	MOVWF SERPRINTVAL_H
000016	3001	MOVLW 1
000017	00A0	MOVWF COMPORT
000018	204E	CALL HSERPRINT314
000019	3001	MOVLW 1
00001A	00A4	MOVWF POINTER
00001B	01A5	CLRF POINTER_H
		SYSFORLOOP1
00001C	0824	MOVF POINTER,W
00001D	00F7	MOVWF SYSSTRINGA
00001E	0825	MOVF POINTER_H,W
00001F	00F8	MOVWF SYSSTRINGA_H
000020	20F1	CALL INITTFT
000021	00AD	MOVWF __FLASHBYTE
000022	203D	CALL FLASH_SPI_WRITETOFLASH
000023	0824	MOVF POINTER,W
000024	0221	SUBWF INITLENGTH,W
000025	00AA	MOVWF SYSTEMP1
000026	0822	MOVF INITLENGTH_H,W
000027	00AB	MOVWF SYSTEMP1_H
000028	0825	MOVF POINTER_H,W
000029	1C03	BTFSS STATUS,C
00002A	0F25	INCFSZ POINTER_H,W
00002B	02AB	SUBWF SYSTEMP1_H,F
00002C	082A	MOVF SYSTEMP1,W
00002D	00F5	MOVWF SYSWORDTEMPA
00002E	082B	MOVF SYSTEMP1_H,W
00002F	00F6	MOVWF SYSWORDTEMPA_H
000030	01F9	CLRF SYSWORDTEMPB
000031	01FA	CLRF SYSWORDTEMPB_H
000032	2244	CALL SYSCOMPEQUAL16
000033	09F0	COMF SYSBYTETEMPX,F
000034	1C70	BTFSS SYSBYTETEMPX,0
000035	283A	GOTO ENDIF1
000036	0AA4	INCF POINTER,F
000037	1903	BTFSC STATUS,Z
000038	0AA5	INCF POINTER_H,F
000039	281C	GOTO SYSFORLOOP1
		ENDIF1
		SYSFORLOOPEND1
00003A	283B	GOTO BASPROGRAMEND
		BASPROGRAMEND
00003B	0063	SLEEP
00003C	283B	GOTO BASPROGRAMEND


		FLASH_SPI_WRITETOFLASH
00003D	1105	BCF PORTA,2
00003E	082D	MOVF __FLASHBYTE,W
00003F	00AE	MOVWF __FLASH_OUTBUFFER
000040	3008	MOVLW 8
000041	00A9	MOVWF SYSREPEATTEMP1
		SYSREPEATLOOP1
000042	1FAE	BTFSS __FLASH_OUTBUFFER,7
000043	2846	GOTO ELSE3_1
000044	1687	BSF PORTC,5
000045	2847	GOTO ENDIF3
		ELSE3_1
000046	1287	BCF PORTC,5
		ENDIF3
000047	1587	BSF PORTC,3
000048	0DAE	RLF __FLASH_OUTBUFFER,F
000049	1187	BCF PORTC,3
00004A	0BA9	DECFSZ SYSREPEATTEMP1,F
00004B	2842	GOTO SYSREPEATLOOP1
		SYSREPEATLOOPEND1
00004C	1505	BSF PORTA,2
00004D	0008	RETURN


		HSERPRINT314
00004E	01A3	CLRF OUTVALUETEMP
00004F	0827	MOVF SERPRINTVAL,W
000050	00F5	MOVWF SYSWORDTEMPA
000051	0828	MOVF SERPRINTVAL_H,W
000052	00F6	MOVWF SYSWORDTEMPA_H
000053	3010	MOVLW 16
000054	00F9	MOVWF SYSWORDTEMPB
000055	3027	MOVLW 39
000056	00FA	MOVWF SYSWORDTEMPB_H
000057	224F	CALL SYSCOMPLESSTHAN16
000058	09F0	COMF SYSBYTETEMPX,F
000059	1C70	BTFSS SYSBYTETEMPX,0
00005A	286F	GOTO ENDIF4
00005B	0827	MOVF SERPRINTVAL,W
00005C	00F5	MOVWF SYSWORDTEMPA
00005D	0828	MOVF SERPRINTVAL_H,W
00005E	00F6	MOVWF SYSWORDTEMPA_H
00005F	3010	MOVLW 16
000060	00F9	MOVWF SYSWORDTEMPB
000061	3027	MOVLW 39
000062	00FA	MOVWF SYSWORDTEMPB_H
000063	225E	CALL SYSDIVSUB16
000064	0875	MOVF SYSWORDTEMPA,W
000065	00A3	MOVWF OUTVALUETEMP
000066	0870	MOVF SYSCALCTEMPX,W
000067	00A7	MOVWF SERPRINTVAL
000068	0871	MOVF SYSCALCTEMPX_H,W
000069	00A8	MOVWF SERPRINTVAL_H
00006A	3030	MOVLW 48
00006B	0723	ADDWF OUTVALUETEMP,W
00006C	00A6	MOVWF SERDATA
00006D	20D0	CALL HSERSEND301
00006E	287B	GOTO HSERPRINTWORD1000
		ENDIF4
00006F	0827	MOVF SERPRINTVAL,W
000070	00F5	MOVWF SYSWORDTEMPA
000071	0828	MOVF SERPRINTVAL_H,W
000072	00F6	MOVWF SYSWORDTEMPA_H
000073	30E8	MOVLW 232
000074	00F9	MOVWF SYSWORDTEMPB
000075	3003	MOVLW 3
000076	00FA	MOVWF SYSWORDTEMPB_H
000077	224F	CALL SYSCOMPLESSTHAN16
000078	09F0	COMF SYSBYTETEMPX,F
000079	1C70	BTFSS SYSBYTETEMPX,0
00007A	288F	GOTO ENDIF5
		HSERPRINTWORD1000
00007B	0827	MOVF SERPRINTVAL,W
00007C	00F5	MOVWF SYSWORDTEMPA
00007D	0828	MOVF SERPRINTVAL_H,W
00007E	00F6	MOVWF SYSWORDTEMPA_H
00007F	30E8	MOVLW 232
000080	00F9	MOVWF SYSWORDTEMPB
000081	3003	MOVLW 3
000082	00FA	MOVWF SYSWORDTEMPB_H
000083	225E	CALL SYSDIVSUB16
000084	0875	MOVF SYSWORDTEMPA,W
000085	00A3	MOVWF OUTVALUETEMP
000086	0870	MOVF SYSCALCTEMPX,W
000087	00A7	MOVWF SERPRINTVAL
000088	0871	MOVF SYSCALCTEMPX_H,W
000089	00A8	MOVWF SERPRINTVAL_H
00008A	3030	MOVLW 48
00008B	0723	ADDWF OUTVALUETEMP,W
00008C	00A6	MOVWF SERDATA
00008D	20D0	CALL HSERSEND301
00008E	289A	GOTO HSERPRINTWORD100
		ENDIF5
00008F	0827	MOVF SERPRINTVAL,W
000090	00F5	MOVWF SYSWORDTEMPA
000091	0828	MOVF SERPRINTVAL_H,W
000092	00F6	MOVWF SYSWORDTEMPA_H
000093	3064	MOVLW 100
000094	00F9	MOVWF SYSWORDTEMPB
000095	01FA	CLRF SYSWORDTEMPB_H
000096	224F	CALL SYSCOMPLESSTHAN16
000097	09F0	COMF SYSBYTETEMPX,F
000098	1C70	BTFSS SYSBYTETEMPX,0
000099	28AD	GOTO ENDIF6
		HSERPRINTWORD100
00009A	0827	MOVF SERPRINTVAL,W
00009B	00F5	MOVWF SYSWORDTEMPA
00009C	0828	MOVF SERPRINTVAL_H,W
00009D	00F6	MOVWF SYSWORDTEMPA_H
00009E	3064	MOVLW 100
00009F	00F9	MOVWF SYSWORDTEMPB
0000A0	01FA	CLRF SYSWORDTEMPB_H
0000A1	225E	CALL SYSDIVSUB16
0000A2	0875	MOVF SYSWORDTEMPA,W
0000A3	00A3	MOVWF OUTVALUETEMP
0000A4	0870	MOVF SYSCALCTEMPX,W
0000A5	00A7	MOVWF SERPRINTVAL
0000A6	0871	MOVF SYSCALCTEMPX_H,W
0000A7	00A8	MOVWF SERPRINTVAL_H
0000A8	3030	MOVLW 48
0000A9	0723	ADDWF OUTVALUETEMP,W
0000AA	00A6	MOVWF SERDATA
0000AB	20D0	CALL HSERSEND301
0000AC	28B8	GOTO HSERPRINTWORD10
		ENDIF6
0000AD	0827	MOVF SERPRINTVAL,W
0000AE	00F5	MOVWF SYSWORDTEMPA
0000AF	0828	MOVF SERPRINTVAL_H,W
0000B0	00F6	MOVWF SYSWORDTEMPA_H
0000B1	300A	MOVLW 10
0000B2	00F9	MOVWF SYSWORDTEMPB
0000B3	01FA	CLRF SYSWORDTEMPB_H
0000B4	224F	CALL SYSCOMPLESSTHAN16
0000B5	09F0	COMF SYSBYTETEMPX,F
0000B6	1C70	BTFSS SYSBYTETEMPX,0
0000B7	28CA	GOTO ENDIF7
		HSERPRINTWORD10
0000B8	0827	MOVF SERPRINTVAL,W
0000B9	00F5	MOVWF SYSWORDTEMPA
0000BA	0828	MOVF SERPRINTVAL_H,W
0000BB	00F6	MOVWF SYSWORDTEMPA_H
0000BC	300A	MOVLW 10
0000BD	00F9	MOVWF SYSWORDTEMPB
0000BE	01FA	CLRF SYSWORDTEMPB_H
0000BF	225E	CALL SYSDIVSUB16
0000C0	0875	MOVF SYSWORDTEMPA,W
0000C1	00A3	MOVWF OUTVALUETEMP
0000C2	0870	MOVF SYSCALCTEMPX,W
0000C3	00A7	MOVWF SERPRINTVAL
0000C4	0871	MOVF SYSCALCTEMPX_H,W
0000C5	00A8	MOVWF SERPRINTVAL_H
0000C6	3030	MOVLW 48
0000C7	0723	ADDWF OUTVALUETEMP,W
0000C8	00A6	MOVWF SERDATA
0000C9	20D0	CALL HSERSEND301
		ENDIF7
0000CA	0827	MOVF SERPRINTVAL,W
0000CB	00A3	MOVWF OUTVALUETEMP
0000CC	3030	MOVLW 48
0000CD	0723	ADDWF OUTVALUETEMP,W
0000CE	00A6	MOVWF SERDATA
0000CF	28D0	GOTO HSERSEND301


		HSERSEND301
		HSERSENDUSART1HANDLER
		SYSWAITLOOP1
0000D0	1E0C	BTFSS PIR1,TXIF
0000D1	28D0	GOTO SYSWAITLOOP1
		SYSWAITLOOP2
000000	1683	BANKSEL TXSTA
000000	1683 1303	BANKSEL TXSTA
0000D4	1C98	BTFSS TXSTA,TRMT
0000D5	28D2	GOTO SYSWAITLOOP2
000000	1283	BANKSEL SERDATA
000000	1283 1303	BANKSEL SERDATA
0000D8	0826	MOVF SERDATA,W
0000D9	0099	MOVWF TXREG
0000DA	0008	RETURN


		INITSYS
000000	1683	BANKSEL ADCON1
000000	1683 1303	BANKSEL ADCON1
0000DD	139F	BCF ADCON1,ADFM
000000	1283	BANKSEL ADCON0
000000	1283 1303	BANKSEL ADCON0
0000E0	101F	BCF ADCON0,ADON
000000	1683	BANKSEL ADCON1
000000	1683 1303	BANKSEL ADCON1
0000E3	119F	BCF ADCON1,PCFG3
0000E4	151F	BSF ADCON1,PCFG2
0000E5	149F	BSF ADCON1,PCFG1
0000E6	101F	BCF ADCON1,PCFG0
0000E7	3007	MOVLW 7
0000E8	009C	MOVWF CMCON
000000	1283	BANKSEL PORTA
000000	1283 1303	BANKSEL PORTA
0000EB	0185	CLRF PORTA
0000EC	0186	CLRF PORTB
0000ED	0187	CLRF PORTC
0000EE	0188	CLRF PORTD
0000EF	0189	CLRF PORTE
0000F0	0008	RETURN


		INITTFT
0000F1	0877	MOVF SYSSTRINGA,W
0000F2	00F5	MOVWF SYSWORDTEMPA
0000F3	0878	MOVF SYSSTRINGA_H,W
0000F4	00F6	MOVWF SYSWORDTEMPA_H
0000F5	301D	MOVLW 29
0000F6	00F9	MOVWF SYSWORDTEMPB
0000F7	3001	MOVLW 1
0000F8	00FA	MOVWF SYSWORDTEMPB_H
0000F9	224F	CALL SYSCOMPLESSTHAN16
0000FA	1C70	BTFSS SYSBYTETEMPX,0
0000FB	3400	RETLW 0
0000FC	0877	MOVF SYSSTRINGA, W
0000FD	3E06	ADDLW LOW TABLEINITTFT
0000FE	00F7	MOVWF SYSSTRINGA
0000FF	3001	MOVLW HIGH TABLEINITTFT
000100	1803	BTFSC STATUS, C
000101	3E01	ADDLW 1
000102	0778	ADDWF SYSSTRINGA_H, W
000103	008A	MOVWF PCLATH
000104	0877	MOVF SYSSTRINGA, W
000105	0082	MOVWF PCL
		TABLEINITTFT
000106	341D	RETLW 29
000107	3461	RETLW 97
000108	3472	RETLW 114
000109	3477	RETLW 119
00010A	3463	RETLW 99
00010B	3477	RETLW 119
00010C	3462	RETLW 98
00010D	3478	RETLW 120
00010E	3467	RETLW 103
00010F	3411	RETLW 17
000110	3405	RETLW 5
000111	3413	RETLW 19
000112	348A	RETLW 138
000113	3411	RETLW 17
000114	3406	RETLW 6
000115	3413	RETLW 19
000116	3431	RETLW 49
000117	3411	RETLW 17
000118	3407	RETLW 7
000119	3413	RETLW 19
00011A	348A	RETLW 138
00011B	3411	RETLW 17
00011C	3408	RETLW 8
00011D	3413	RETLW 19
00011E	3464	RETLW 100
00011F	3411	RETLW 17
000120	3409	RETLW 9
000121	3413	RETLW 19
000122	348A	RETLW 138
000123	3411	RETLW 17
000124	340A	RETLW 10
000125	3413	RETLW 19
000126	3464	RETLW 100
000127	3411	RETLW 17
000128	3400	RETLW 0
000129	3413	RETLW 19
00012A	3480	RETLW 128
00012B	3411	RETLW 17
00012C	3401	RETLW 1
00012D	3413	RETLW 19
00012E	3482	RETLW 130
00012F	3411	RETLW 17
000130	3401	RETLW 1
000131	3412	RETLW 18
000132	3482	RETLW 130
000133	3411	RETLW 17
000134	3402	RETLW 2
000135	3413	RETLW 19
000136	3440	RETLW 64
000137	34AA	RETLW 170
000138	34AA	RETLW 170
000139	34AA	RETLW 170
00013A	34AA	RETLW 170
00013B	3411	RETLW 17
00013C	34E0	RETLW 224
00013D	3413	RETLW 19
00013E	3429	RETLW 41
00013F	3411	RETLW 17
000140	34E1	RETLW 225
000141	3413	RETLW 19
000142	3403	RETLW 3
000143	3411	RETLW 17
000144	34E2	RETLW 226
000145	3413	RETLW 19
000146	340B	RETLW 11
000147	3411	RETLW 17
000148	34E3	RETLW 227
000149	3413	RETLW 19
00014A	3403	RETLW 3
00014B	3411	RETLW 17
00014C	34E4	RETLW 228
00014D	3413	RETLW 19
00014E	3401	RETLW 1
00014F	34AA	RETLW 170
000150	34AA	RETLW 170
000151	34AA	RETLW 170
000152	34AA	RETLW 170
000153	3411	RETLW 17
000154	3410	RETLW 16
000155	3413	RETLW 19
000156	3404	RETLW 4
000157	3411	RETLW 17
000158	3412	RETLW 18
000159	3413	RETLW 19
00015A	3485	RETLW 133
00015B	3411	RETLW 17
00015C	3413	RETLW 19
00015D	3413	RETLW 19
00015E	3403	RETLW 3
00015F	3411	RETLW 17
000160	3414	RETLW 20
000161	3413	RETLW 19
000162	347F	RETLW 127
000163	3411	RETLW 17
000164	3415	RETLW 21
000165	3413	RETLW 19
000166	3400	RETLW 0
000167	3411	RETLW 17
000168	341A	RETLW 26
000169	3413	RETLW 19
00016A	34FF	RETLW 255
00016B	3411	RETLW 17
00016C	341B	RETLW 27
00016D	3413	RETLW 19
00016E	3402	RETLW 2
00016F	3411	RETLW 17
000170	3420	RETLW 32
000171	3413	RETLW 19
000172	3400	RETLW 0
000173	3411	RETLW 17
000174	3421	RETLW 33
000175	3413	RETLW 19
000176	3400	RETLW 0
000177	3411	RETLW 17
000178	3422	RETLW 34
000179	3413	RETLW 19
00017A	3400	RETLW 0
00017B	3411	RETLW 17
00017C	3423	RETLW 35
00017D	3413	RETLW 19
00017E	3400	RETLW 0
00017F	3411	RETLW 17
000180	3424	RETLW 36
000181	3413	RETLW 19
000182	3400	RETLW 0
000183	3411	RETLW 17
000184	3425	RETLW 37
000185	3413	RETLW 19
000186	3404	RETLW 4
000187	3411	RETLW 17
000188	3426	RETLW 38
000189	3413	RETLW 19
00018A	3400	RETLW 0
00018B	3411	RETLW 17
00018C	3427	RETLW 39
00018D	3413	RETLW 19
00018E	3400	RETLW 0
00018F	3411	RETLW 17
000190	3428	RETLW 40
000191	3413	RETLW 19
000192	3400	RETLW 0
000193	3411	RETLW 17
000194	3429	RETLW 41
000195	3413	RETLW 19
000196	3400	RETLW 0
000197	34AA	RETLW 170
000198	34AA	RETLW 170
000199	34AA	RETLW 170
00019A	34AA	RETLW 170
00019B	3411	RETLW 17
00019C	3450	RETLW 80
00019D	3413	RETLW 19
00019E	3400	RETLW 0
00019F	3411	RETLW 17
0001A0	3451	RETLW 81
0001A1	3413	RETLW 19
0001A2	3400	RETLW 0
0001A3	3411	RETLW 17
0001A4	3452	RETLW 82
0001A5	3413	RETLW 19
0001A6	3400	RETLW 0
0001A7	3411	RETLW 17
0001A8	3453	RETLW 83
0001A9	3413	RETLW 19
0001AA	3400	RETLW 0
0001AB	3411	RETLW 17
0001AC	3454	RETLW 84
0001AD	3413	RETLW 19
0001AE	3400	RETLW 0
0001AF	3411	RETLW 17
0001B0	3455	RETLW 85
0001B1	3413	RETLW 19
0001B2	3404	RETLW 4
0001B3	3411	RETLW 17
0001B4	3456	RETLW 86
0001B5	3413	RETLW 19
0001B6	3400	RETLW 0
0001B7	3411	RETLW 17
0001B8	3457	RETLW 87
0001B9	3413	RETLW 19
0001BA	3400	RETLW 0
0001BB	3411	RETLW 17
0001BC	3458	RETLW 88
0001BD	3413	RETLW 19
0001BE	3400	RETLW 0
0001BF	3411	RETLW 17
0001C0	3459	RETLW 89
0001C1	3413	RETLW 19
0001C2	3400	RETLW 0
0001C3	3411	RETLW 17
0001C4	345A	RETLW 90
0001C5	3413	RETLW 19
0001C6	3400	RETLW 0
0001C7	3411	RETLW 17
0001C8	345B	RETLW 91
0001C9	3413	RETLW 19
0001CA	3404	RETLW 4
0001CB	3411	RETLW 17
0001CC	345C	RETLW 92
0001CD	3413	RETLW 19
0001CE	3400	RETLW 0
0001CF	3411	RETLW 17
0001D0	345D	RETLW 93
0001D1	3413	RETLW 19
0001D2	3403	RETLW 3
0001D3	3411	RETLW 17
0001D4	345E	RETLW 94
0001D5	3413	RETLW 19
0001D6	3402	RETLW 2
0001D7	3411	RETLW 17
0001D8	34BC	RETLW 188
0001D9	3413	RETLW 19
0001DA	3400	RETLW 0
0001DB	3411	RETLW 17
0001DC	34BD	RETLW 189
0001DD	3413	RETLW 19
0001DE	3402	RETLW 2
0001DF	3411	RETLW 17
0001E0	34BE	RETLW 190
0001E1	3413	RETLW 19
0001E2	3400	RETLW 0
0001E3	3411	RETLW 17
0001E4	34BF	RETLW 191
0001E5	3413	RETLW 19
0001E6	3400	RETLW 0
0001E7	3411	RETLW 17
0001E8	34C0	RETLW 192
0001E9	3413	RETLW 19
0001EA	3400	RETLW 0
0001EB	3411	RETLW 17
0001EC	34C1	RETLW 193
0001ED	3413	RETLW 19
0001EE	3400	RETLW 0
0001EF	3411	RETLW 17
0001F0	34C2	RETLW 194
0001F1	3413	RETLW 19
0001F2	3400	RETLW 0
0001F3	3411	RETLW 17
0001F4	34C3	RETLW 195
0001F5	3413	RETLW 19
0001F6	3400	RETLW 0
0001F7	3411	RETLW 17
0001F8	34C6	RETLW 198
0001F9	3413	RETLW 19
0001FA	3400	RETLW 0
0001FB	3411	RETLW 17
0001FC	34C7	RETLW 199
0001FD	3413	RETLW 19
0001FE	3404	RETLW 4
0001FF	3411	RETLW 17
000200	34C8	RETLW 200
000201	3413	RETLW 19
000202	3400	RETLW 0
000203	3411	RETLW 17
000204	34C9	RETLW 201
000205	3413	RETLW 19
000206	3403	RETLW 3
000207	3411	RETLW 17
000208	34CA	RETLW 202
000209	3413	RETLW 19
00020A	3400	RETLW 0
00020B	3411	RETLW 17
00020C	34CB	RETLW 203
00020D	3413	RETLW 19
00020E	3404	RETLW 4
00020F	3411	RETLW 17
000210	34B7	RETLW 183
000211	3413	RETLW 19
000212	34C0	RETLW 192
000213	3411	RETLW 17
000214	34B6	RETLW 182
000215	3413	RETLW 19
000216	3401	RETLW 1
000217	34AA	RETLW 170
000218	34AA	RETLW 170
000219	34AA	RETLW 170
00021A	34AA	RETLW 170
00021B	3411	RETLW 17
00021C	34B6	RETLW 182
00021D	3412	RETLW 18
00021E	3400	RETLW 0
00021F	3411	RETLW 17
000220	3412	RETLW 18
000221	3413	RETLW 19
000222	3440	RETLW 64


		INITTFT_H
000223	0877	MOVF SYSSTRINGA,W
000224	00F5	MOVWF SYSWORDTEMPA
000225	0878	MOVF SYSSTRINGA_H,W
000226	00F6	MOVWF SYSWORDTEMPA_H
000227	3001	MOVLW 1
000228	00F9	MOVWF SYSWORDTEMPB
000229	01FA	CLRF SYSWORDTEMPB_H
00022A	224F	CALL SYSCOMPLESSTHAN16
00022B	1C70	BTFSS SYSBYTETEMPX,0
00022C	3400	RETLW 0
00022D	0877	MOVF SYSSTRINGA, W
00022E	3E37	ADDLW LOW TABLEINITTFT_H
00022F	00F7	MOVWF SYSSTRINGA
000230	3002	MOVLW HIGH TABLEINITTFT_H
000231	1803	BTFSC STATUS, C
000232	3E01	ADDLW 1
000233	0778	ADDWF SYSSTRINGA_H, W
000234	008A	MOVWF PCLATH
000235	0877	MOVF SYSSTRINGA, W
000236	0082	MOVWF PCL
		TABLEINITTFT_H
000237	3401	RETLW 1


		INITUSART
000238	3081	MOVLW 129
000000	1683	BANKSEL SPBRG
000000	1683 1303	BANKSEL SPBRG
00023B	0099	MOVWF SPBRG
00023C	1518	BSF TXSTA,BRGH
00023D	1218	BCF TXSTA,SYNC
00023E	1698	BSF TXSTA,TXEN
000000	1283	BANKSEL RCSTA
000000	1283 1303	BANKSEL RCSTA
000241	1798	BSF RCSTA,SPEN
000242	1618	BSF RCSTA,CREN
000243	0008	RETURN


		SYSCOMPEQUAL16
000244	01F0	CLRF SYSBYTETEMPX
000245	0875	MOVF SYSWORDTEMPA, W
000246	0279	SUBWF SYSWORDTEMPB, W
000247	1D03	BTFSS STATUS, Z
000248	0008	RETURN
000249	0876	MOVF SYSWORDTEMPA_H, W
00024A	027A	SUBWF SYSWORDTEMPB_H, W
00024B	1D03	BTFSS STATUS, Z
00024C	0008	RETURN
00024D	09F0	COMF SYSBYTETEMPX,F
00024E	0008	RETURN


		SYSCOMPLESSTHAN16
00024F	01F0	CLRF SYSBYTETEMPX
000250	0876	MOVF SYSWORDTEMPA_H,W
000251	027A	SUBWF SYSWORDTEMPB_H,W
000252	1C03	BTFSS STATUS,C
000253	0008	RETURN
000254	087A	MOVF SYSWORDTEMPB_H,W
000255	0276	SUBWF SYSWORDTEMPA_H,W
000256	1C03	BTFSS STATUS,C
000257	2A5C	GOTO SCLT16TRUE
000258	0879	MOVF SYSWORDTEMPB,W
000259	0275	SUBWF SYSWORDTEMPA,W
00025A	1803	BTFSC STATUS,C
00025B	0008	RETURN
		SCLT16TRUE
00025C	09F0	COMF SYSBYTETEMPX,F
00025D	0008	RETURN


		SYSDIVSUB16
00025E	0875	MOVF SYSWORDTEMPA,W
00025F	00F7	MOVWF SYSDIVMULTA
000260	0876	MOVF SYSWORDTEMPA_H,W
000261	00F8	MOVWF SYSDIVMULTA_H
000262	0879	MOVF SYSWORDTEMPB,W
000263	00FB	MOVWF SYSDIVMULTB
000264	087A	MOVF SYSWORDTEMPB_H,W
000265	00FC	MOVWF SYSDIVMULTB_H
000266	01F2	CLRF SYSDIVMULTX
000267	01F3	CLRF SYSDIVMULTX_H
000268	087B	MOVF SYSDIVMULTB,W
000269	00F5	MOVWF SYSWORDTEMPA
00026A	087C	MOVF SYSDIVMULTB_H,W
00026B	00F6	MOVWF SYSWORDTEMPA_H
00026C	01F9	CLRF SYSWORDTEMPB
00026D	01FA	CLRF SYSWORDTEMPB_H
00026E	2244	CALL SYSCOMPEQUAL16
00026F	1C70	BTFSS SYSBYTETEMPX,0
000270	2A74	GOTO ENDIF8
000271	01F5	CLRF SYSWORDTEMPA
000272	01F6	CLRF SYSWORDTEMPA_H
000273	0008	RETURN
		ENDIF8
000274	3010	MOVLW 16
000275	00F4	MOVWF SYSDIVLOOP
		SYSDIV16START
000276	1003	BCF STATUS,C
000277	0DF7	RLF SYSDIVMULTA,F
000278	0DF8	RLF SYSDIVMULTA_H,F
000279	0DF2	RLF SYSDIVMULTX,F
00027A	0DF3	RLF SYSDIVMULTX_H,F
00027B	087B	MOVF SYSDIVMULTB,W
00027C	02F2	SUBWF SYSDIVMULTX,F
00027D	087C	MOVF SYSDIVMULTB_H,W
00027E	1C03	BTFSS STATUS,C
00027F	0F7C	INCFSZ SYSDIVMULTB_H,W
000280	02F3	SUBWF SYSDIVMULTX_H,F
000281	1477	BSF SYSDIVMULTA,0
000282	1803	BTFSC STATUS,C
000283	2A8B	GOTO ENDIF9
000284	1077	BCF SYSDIVMULTA,0
000285	087B	MOVF SYSDIVMULTB,W
000286	07F2	ADDWF SYSDIVMULTX,F
000287	087C	MOVF SYSDIVMULTB_H,W
000288	1803	BTFSC STATUS,C
000289	0F7C	INCFSZ SYSDIVMULTB_H,W
00028A	07F3	ADDWF SYSDIVMULTX_H,F
		ENDIF9
00028B	0BF4	DECFSZ SYSDIVLOOP, F
00028C	2A76	GOTO SYSDIV16START
00028D	0877	MOVF SYSDIVMULTA,W
00028E	00F5	MOVWF SYSWORDTEMPA
00028F	0878	MOVF SYSDIVMULTA_H,W
000290	00F6	MOVWF SYSWORDTEMPA_H
000291	0872	MOVF SYSDIVMULTX,W
000292	00F0	MOVWF SYSWORDTEMPX
000293	0873	MOVF SYSDIVMULTX_H,W
000294	00F1	MOVWF SYSWORDTEMPX_H
000295	0008	RETURN





